android/app/build/intermediates/manifest_merge_blame_file/debug/manifest-merger-blame-debug-report.txt
1<?xml version="1.0" encoding="utf-8"?>
2<manifest xmlns:android="http://schemas.android.com/apk/res/android"
3    package="com.doogy.transfer.app"
4    android:versionCode="1"
5    android:versionName="1.0" >
6
7    <uses-sdk
8        android:minSdkVersion="21"
9        android:targetSdkVersion="33" />
10
11    <uses-permission android:name="android.permission.SYSTEM_ALERT_WINDOW" />
11-->src\debug\AndroidManifest.xml:5:5-77
11-->src\debug\AndroidManifest.xml:5:22-75
12    <uses-permission android:name="android.permission.INTERNET" />
12-->src\main\AndroidManifest.xml:2:2-64
12-->src\main\AndroidManifest.xml:2:19-61
13    <uses-permission android:name="android.permission.POST_NOTIFICATIONS" />
13-->src\main\AndroidManifest.xml:3:2-73
13-->src\main\AndroidManifest.xml:3:19-71
14    <uses-permission android:name="android.permission.ACCESS_WIFI_STATE" />
14-->[com.facebook.flipper:flipper:0.125.0] AndroidManifest.xml:16:5-76
14-->[com.facebook.flipper:flipper:0.125.0] AndroidManifest.xml:16:22-73
15    <uses-permission android:name="android.permission.WAKE_LOCK" />
15-->[:react-native-firebase_auth] AndroidManifest.xml:10:5-68
15-->[:react-native-firebase_auth] AndroidManifest.xml:10:22-65
16    <uses-permission android:name="android.permission.ACCESS_NETWORK_STATE" />
16-->[:react-native-firebase_auth] AndroidManifest.xml:11:5-79
16-->[:react-native-firebase_auth] AndroidManifest.xml:11:22-76
17
18    <queries>
18-->[com.facebook.android:facebook-common:16.1.3] AndroidManifest.xml:17:5-19:15
19        <package android:name="com.facebook.katana" />
19-->[com.facebook.android:facebook-common:16.1.3] AndroidManifest.xml:18:9-55
19-->[com.facebook.android:facebook-common:16.1.3] AndroidManifest.xml:18:18-52
20    </queries>
21
22    <uses-permission android:name="com.google.android.gms.permission.AD_ID" /> <!-- Required by older versions of Google Play services to create IID tokens -->
22-->[com.facebook.android:facebook-core:16.1.3] AndroidManifest.xml:16:5-79
22-->[com.facebook.android:facebook-core:16.1.3] AndroidManifest.xml:16:22-76
23    <uses-permission android:name="com.google.android.c2dm.permission.RECEIVE" />
23-->[com.google.firebase:firebase-messaging:23.1.2] AndroidManifest.xml:28:5-82
23-->[com.google.firebase:firebase-messaging:23.1.2] AndroidManifest.xml:28:22-79
24    <uses-permission android:name="com.google.android.finsky.permission.BIND_GET_INSTALL_REFERRER_SERVICE" />
24-->[com.android.installreferrer:installreferrer:1.0] AndroidManifest.xml:9:5-110
24-->[com.android.installreferrer:installreferrer:1.0] AndroidManifest.xml:9:22-107
25
26    <application
26-->src\main\AndroidManifest.xml:6:2-15:16
27        android:name="com.doogy.transfer.app.MainApplication"
27-->src\main\AndroidManifest.xml:6:15-46
28        android:allowBackup="false"
28-->src\main\AndroidManifest.xml:6:161-188
29        android:appComponentFactory="androidx.core.app.CoreComponentFactory"
29-->[androidx.core:core:1.7.0] AndroidManifest.xml:24:18-86
30        android:debuggable="true"
31        android:icon="@mipmap/ic_launcher"
31-->src\main\AndroidManifest.xml:6:80-114
32        android:label="@string/app_name"
32-->src\main\AndroidManifest.xml:6:47-79
33        android:roundIcon="@mipmap/ic_launcher_round"
33-->src\main\AndroidManifest.xml:6:115-160
34        android:supportsRtl="true"
34-->[com.facebook.android:facebook-android-sdk:16.1.3] AndroidManifest.xml:16:18-44
35        android:theme="@style/AppTheme"
35-->src\main\AndroidManifest.xml:6:189-220
36        android:usesCleartextTraffic="true" >
36-->src\main\AndroidManifest.xml:6:221-256
37        <activity
37-->src\debug\AndroidManifest.xml:11:9-111
38            android:name="com.facebook.react.devsupport.DevSettingsActivity"
38-->src\debug\AndroidManifest.xml:11:19-83
39            android:exported="false" />
39-->src\debug\AndroidManifest.xml:11:84-108
40        <activity
40-->src\main\AndroidManifest.xml:7:3-12:14
41            android:name="com.doogy.transfer.app.MainActivity"
41-->src\main\AndroidManifest.xml:7:13-41
42            android:configChanges="keyboard|keyboardHidden|orientation|screenLayout|screenSize|smallestScreenSize|uiMode"
42-->src\main\AndroidManifest.xml:7:75-184
43            android:exported="true"
43-->src\main\AndroidManifest.xml:7:260-283
44            android:label="@string/app_name"
44-->src\main\AndroidManifest.xml:7:42-74
45            android:launchMode="singleTask"
45-->src\main\AndroidManifest.xml:7:185-216
46            android:windowSoftInputMode="adjustResize" >
46-->src\main\AndroidManifest.xml:7:217-259
47            <intent-filter>
47-->src\main\AndroidManifest.xml:8:4-11:20
48                <action android:name="android.intent.action.MAIN" />
48-->src\main\AndroidManifest.xml:9:5-57
48-->src\main\AndroidManifest.xml:9:13-54
49
50                <category android:name="android.intent.category.LAUNCHER" />
50-->src\main\AndroidManifest.xml:10:5-65
50-->src\main\AndroidManifest.xml:10:15-62
51            </intent-filter>
52        </activity>
53
54        <meta-data
54-->src\main\AndroidManifest.xml:13:3-102
55            android:name="com.facebook.sdk.ApplicationId"
55-->src\main\AndroidManifest.xml:13:14-59
56            android:value="@string/facebook_app_id" />
56-->src\main\AndroidManifest.xml:13:60-99
57        <meta-data
57-->src\main\AndroidManifest.xml:14:3-106
58            android:name="com.facebook.sdk.ClientToken"
58-->src\main\AndroidManifest.xml:14:14-57
59            android:value="@string/facebook_client_token" />
59-->src\main\AndroidManifest.xml:14:58-103
60
61        <service
61-->[:react-native-firebase_messaging] AndroidManifest.xml:14:9-16:40
62            android:name="io.invertase.firebase.messaging.ReactNativeFirebaseMessagingHeadlessService"
62-->[:react-native-firebase_messaging] AndroidManifest.xml:15:13-103
63            android:exported="false" />
63-->[:react-native-firebase_messaging] AndroidManifest.xml:16:13-37
64        <service
64-->[:react-native-firebase_messaging] AndroidManifest.xml:17:9-23:19
65            android:name="io.invertase.firebase.messaging.ReactNativeFirebaseMessagingService"
65-->[:react-native-firebase_messaging] AndroidManifest.xml:18:13-95
66            android:exported="false" >
66-->[:react-native-firebase_messaging] AndroidManifest.xml:19:13-37
67            <intent-filter>
67-->[:react-native-firebase_messaging] AndroidManifest.xml:20:13-22:29
68                <action android:name="com.google.firebase.MESSAGING_EVENT" />
68-->[:react-native-firebase_messaging] AndroidManifest.xml:21:17-78
68-->[:react-native-firebase_messaging] AndroidManifest.xml:21:25-75
69            </intent-filter>
70        </service>
71
72        <receiver
72-->[:react-native-firebase_messaging] AndroidManifest.xml:25:9-32:20
73            android:name="io.invertase.firebase.messaging.ReactNativeFirebaseMessagingReceiver"
73-->[:react-native-firebase_messaging] AndroidManifest.xml:26:13-96
74            android:exported="true"
74-->[:react-native-firebase_messaging] AndroidManifest.xml:27:13-36
75            android:permission="com.google.android.c2dm.permission.SEND" >
75-->[:react-native-firebase_messaging] AndroidManifest.xml:28:13-73
76            <intent-filter>
76-->[:react-native-firebase_messaging] AndroidManifest.xml:29:13-31:29
77                <action android:name="com.google.android.c2dm.intent.RECEIVE" />
77-->[:react-native-firebase_messaging] AndroidManifest.xml:30:17-81
77-->[:react-native-firebase_messaging] AndroidManifest.xml:30:25-78
78            </intent-filter>
79        </receiver>
80
81        <meta-data
81-->[:react-native-firebase_messaging] AndroidManifest.xml:34:9-36:36
82            android:name="firebase_messaging_auto_init_enabled"
82-->[:react-native-firebase_messaging] AndroidManifest.xml:35:13-64
83            android:value="true" />
83-->[:react-native-firebase_messaging] AndroidManifest.xml:36:13-33
84        <meta-data
84-->[:react-native-firebase_messaging] AndroidManifest.xml:37:9-39:32
85            android:name="com.google.firebase.messaging.default_notification_channel_id"
85-->[:react-native-firebase_messaging] AndroidManifest.xml:38:13-89
86            android:value="" />
86-->[:react-native-firebase_messaging] AndroidManifest.xml:39:13-29
87        <meta-data
87-->[:react-native-firebase_messaging] AndroidManifest.xml:40:9-42:47
88            android:name="com.google.firebase.messaging.default_notification_color"
88-->[:react-native-firebase_messaging] AndroidManifest.xml:41:13-84
89            android:resource="@color/white" />
89-->[:react-native-firebase_messaging] AndroidManifest.xml:42:13-44
90        <meta-data
90-->[:react-native-firebase_app] AndroidManifest.xml:11:9-13:36
91            android:name="app_data_collection_default_enabled"
91-->[:react-native-firebase_app] AndroidManifest.xml:12:13-63
92            android:value="true" />
92-->[:react-native-firebase_app] AndroidManifest.xml:13:13-33
93
94        <service
94-->[:react-native-firebase_app] AndroidManifest.xml:15:9-23:19
95            android:name="com.google.firebase.components.ComponentDiscoveryService"
95-->[:react-native-firebase_app] AndroidManifest.xml:16:13-84
96            android:directBootAware="true"
96-->[:react-native-firebase_app] AndroidManifest.xml:17:13-43
97            android:exported="false" >
97-->[:react-native-firebase_app] AndroidManifest.xml:18:13-37
98            <meta-data
98-->[:react-native-firebase_app] AndroidManifest.xml:20:13-22:85
99                android:name="com.google.firebase.components:io.invertase.firebase.app.ReactNativeFirebaseAppRegistrar"
99-->[:react-native-firebase_app] AndroidManifest.xml:21:17-120
100                android:value="com.google.firebase.components.ComponentRegistrar" />
100-->[:react-native-firebase_app] AndroidManifest.xml:22:17-82
101            <meta-data
101-->[com.google.firebase:firebase-firestore:24.4.5] AndroidManifest.xml:19:13-21:85
102                android:name="com.google.firebase.components:com.google.firebase.firestore.FirestoreRegistrar"
102-->[com.google.firebase:firebase-firestore:24.4.5] AndroidManifest.xml:20:17-111
103                android:value="com.google.firebase.components.ComponentRegistrar" />
103-->[com.google.firebase:firebase-firestore:24.4.5] AndroidManifest.xml:21:17-82
104            <meta-data
104-->[com.google.firebase:firebase-auth:21.2.0] AndroidManifest.xml:69:13-71:85
105                android:name="com.google.firebase.components:com.google.firebase.auth.FirebaseAuthRegistrar"
105-->[com.google.firebase:firebase-auth:21.2.0] AndroidManifest.xml:70:17-109
106                android:value="com.google.firebase.components.ComponentRegistrar" />
106-->[com.google.firebase:firebase-auth:21.2.0] AndroidManifest.xml:71:17-82
107            <meta-data
107-->[com.google.firebase:firebase-messaging:23.1.2] AndroidManifest.xml:55:13-57:85
108                android:name="com.google.firebase.components:com.google.firebase.messaging.FirebaseMessagingRegistrar"
108-->[com.google.firebase:firebase-messaging:23.1.2] AndroidManifest.xml:56:17-119
109                android:value="com.google.firebase.components.ComponentRegistrar" />
109-->[com.google.firebase:firebase-messaging:23.1.2] AndroidManifest.xml:57:17-82
110            <meta-data
110-->[com.google.firebase:firebase-storage:20.1.0] AndroidManifest.xml:32:13-34:85
111                android:name="com.google.firebase.components:com.google.firebase.storage.StorageRegistrar"
111-->[com.google.firebase:firebase-storage:20.1.0] AndroidManifest.xml:33:17-107
112                android:value="com.google.firebase.components.ComponentRegistrar" />
112-->[com.google.firebase:firebase-storage:20.1.0] AndroidManifest.xml:34:17-82
113            <meta-data
113-->[com.google.firebase:firebase-datatransport:18.1.7] AndroidManifest.xml:27:13-29:85
114                android:name="com.google.firebase.components:com.google.firebase.datatransport.TransportRegistrar"
114-->[com.google.firebase:firebase-datatransport:18.1.7] AndroidManifest.xml:28:17-115
115                android:value="com.google.firebase.components.ComponentRegistrar" />
115-->[com.google.firebase:firebase-datatransport:18.1.7] AndroidManifest.xml:29:17-82
116            <meta-data
116-->[com.google.firebase:firebase-installations:17.1.3] AndroidManifest.xml:17:13-19:85
117                android:name="com.google.firebase.components:com.google.firebase.installations.FirebaseInstallationsRegistrar"
117-->[com.google.firebase:firebase-installations:17.1.3] AndroidManifest.xml:18:17-127
118                android:value="com.google.firebase.components.ComponentRegistrar" />
118-->[com.google.firebase:firebase-installations:17.1.3] AndroidManifest.xml:19:17-82
119        </service>
120
121        <provider
121-->[:react-native-firebase_app] AndroidManifest.xml:25:9-29:38
122            android:name="io.invertase.firebase.app.ReactNativeFirebaseAppInitProvider"
122-->[:react-native-firebase_app] AndroidManifest.xml:26:13-88
123            android:authorities="com.doogy.transfer.app.reactnativefirebaseappinitprovider"
123-->[:react-native-firebase_app] AndroidManifest.xml:27:13-86
124            android:exported="false"
124-->[:react-native-firebase_app] AndroidManifest.xml:28:13-37
125            android:initOrder="99" />
125-->[:react-native-firebase_app] AndroidManifest.xml:29:13-35
126        <provider
126-->[:react-native-image-picker] AndroidManifest.xml:10:9-18:20
127            android:name="com.imagepicker.ImagePickerProvider"
127-->[:react-native-image-picker] AndroidManifest.xml:11:13-63
128            android:authorities="com.doogy.transfer.app.imagepickerprovider"
128-->[:react-native-image-picker] AndroidManifest.xml:12:13-71
129            android:exported="false"
129-->[:react-native-image-picker] AndroidManifest.xml:13:13-37
130            android:grantUriPermissions="true" >
130-->[:react-native-image-picker] AndroidManifest.xml:14:13-47
131            <meta-data
131-->[:react-native-image-picker] AndroidManifest.xml:15:13-17:70
132                android:name="android.support.FILE_PROVIDER_PATHS"
132-->[:react-native-image-picker] AndroidManifest.xml:16:17-67
133                android:resource="@xml/imagepicker_provider_paths" />
133-->[:react-native-image-picker] AndroidManifest.xml:17:17-67
134        </provider>
135
136        <activity
136-->[com.facebook.android:facebook-common:16.1.3] AndroidManifest.xml:22:9-25:66
137            android:name="com.facebook.FacebookActivity"
137-->[com.facebook.android:facebook-common:16.1.3] AndroidManifest.xml:23:13-57
138            android:configChanges="keyboard|keyboardHidden|screenLayout|screenSize|orientation"
138-->[com.facebook.android:facebook-common:16.1.3] AndroidManifest.xml:24:13-96
139            android:theme="@style/com_facebook_activity_theme" />
139-->[com.facebook.android:facebook-common:16.1.3] AndroidManifest.xml:25:13-63
140        <activity android:name="com.facebook.CustomTabMainActivity" />
140-->[com.facebook.android:facebook-common:16.1.3] AndroidManifest.xml:26:9-71
140-->[com.facebook.android:facebook-common:16.1.3] AndroidManifest.xml:26:19-68
141        <activity
141-->[com.facebook.android:facebook-common:16.1.3] AndroidManifest.xml:27:9-41:20
142            android:name="com.facebook.CustomTabActivity"
142-->[com.facebook.android:facebook-common:16.1.3] AndroidManifest.xml:28:13-58
143            android:exported="true" >
143-->[com.facebook.android:facebook-common:16.1.3] AndroidManifest.xml:29:13-36
144            <intent-filter>
144-->[com.facebook.android:facebook-common:16.1.3] AndroidManifest.xml:31:13-40:29
145                <action android:name="android.intent.action.VIEW" />
145-->[com.facebook.android:facebook-common:16.1.3] AndroidManifest.xml:32:17-69
145-->[com.facebook.android:facebook-common:16.1.3] AndroidManifest.xml:32:25-66
146
147                <category android:name="android.intent.category.DEFAULT" />
147-->[com.facebook.android:facebook-common:16.1.3] AndroidManifest.xml:34:17-76
147-->[com.facebook.android:facebook-common:16.1.3] AndroidManifest.xml:34:27-73
148                <category android:name="android.intent.category.BROWSABLE" />
148-->[com.facebook.android:facebook-common:16.1.3] AndroidManifest.xml:35:17-78
148-->[com.facebook.android:facebook-common:16.1.3] AndroidManifest.xml:35:27-75
149
150                <data
150-->[com.facebook.android:facebook-common:16.1.3] AndroidManifest.xml:37:17-39:50
151                    android:host="cct.com.doogy.transfer.app"
151-->[com.facebook.android:facebook-common:16.1.3] AndroidManifest.xml:38:21-56
152                    android:scheme="fbconnect" />
152-->[com.facebook.android:facebook-common:16.1.3] AndroidManifest.xml:39:21-47
153            </intent-filter>
154        </activity>
155        <!--
156         The initialization ContentProvider will call FacebookSdk.sdkInitialize automatically
157         with the application context. This config is merged in with the host app's manifest,
158         but there can only be one provider with the same authority activated at any given
159         point; so if the end user has two or more different apps that use Facebook SDK, only the
160         first one will be able to use the provider. To work around this problem, we use the
161         following placeholder in the authority to identify each host application as if it was
162         a completely different provider.
163        -->
164        <provider
164-->[com.facebook.android:facebook-core:16.1.3] AndroidManifest.xml:29:9-32:40
165            android:name="com.facebook.internal.FacebookInitProvider"
165-->[com.facebook.android:facebook-core:16.1.3] AndroidManifest.xml:30:13-70
166            android:authorities="com.doogy.transfer.app.FacebookInitProvider"
166-->[com.facebook.android:facebook-core:16.1.3] AndroidManifest.xml:31:13-72
167            android:exported="false" />
167-->[com.facebook.android:facebook-core:16.1.3] AndroidManifest.xml:32:13-37
168
169        <receiver
169-->[com.facebook.android:facebook-core:16.1.3] AndroidManifest.xml:34:9-40:20
170            android:name="com.facebook.CurrentAccessTokenExpirationBroadcastReceiver"
170-->[com.facebook.android:facebook-core:16.1.3] AndroidManifest.xml:35:13-86
171            android:exported="false" >
171-->[com.facebook.android:facebook-core:16.1.3] AndroidManifest.xml:36:13-37
172            <intent-filter>
172-->[com.facebook.android:facebook-core:16.1.3] AndroidManifest.xml:37:13-39:29
173                <action android:name="com.facebook.sdk.ACTION_CURRENT_ACCESS_TOKEN_CHANGED" />
173-->[com.facebook.android:facebook-core:16.1.3] AndroidManifest.xml:38:17-95
173-->[com.facebook.android:facebook-core:16.1.3] AndroidManifest.xml:38:25-92
174            </intent-filter>
175        </receiver>
176        <receiver
176-->[com.facebook.android:facebook-core:16.1.3] AndroidManifest.xml:41:9-47:20
177            android:name="com.facebook.AuthenticationTokenManager$CurrentAuthenticationTokenChangedBroadcastReceiver"
177-->[com.facebook.android:facebook-core:16.1.3] AndroidManifest.xml:42:13-118
178            android:exported="false" >
178-->[com.facebook.android:facebook-core:16.1.3] AndroidManifest.xml:43:13-37
179            <intent-filter>
179-->[com.facebook.android:facebook-core:16.1.3] AndroidManifest.xml:44:13-46:29
180                <action android:name="com.facebook.sdk.ACTION_CURRENT_AUTHENTICATION_TOKEN_CHANGED" />
180-->[com.facebook.android:facebook-core:16.1.3] AndroidManifest.xml:45:17-103
180-->[com.facebook.android:facebook-core:16.1.3] AndroidManifest.xml:45:25-100
181            </intent-filter>
182        </receiver>
183
184        <activity
184-->[com.google.firebase:firebase-auth:21.2.0] AndroidManifest.xml:29:9-46:20
185            android:name="com.google.firebase.auth.internal.GenericIdpActivity"
185-->[com.google.firebase:firebase-auth:21.2.0] AndroidManifest.xml:30:13-80
186            android:excludeFromRecents="true"
186-->[com.google.firebase:firebase-auth:21.2.0] AndroidManifest.xml:31:13-46
187            android:exported="true"
187-->[com.google.firebase:firebase-auth:21.2.0] AndroidManifest.xml:32:13-36
188            android:launchMode="singleTask"
188-->[com.google.firebase:firebase-auth:21.2.0] AndroidManifest.xml:33:13-44
189            android:theme="@android:style/Theme.Translucent.NoTitleBar" >
189-->[com.google.firebase:firebase-auth:21.2.0] AndroidManifest.xml:34:13-72
190            <intent-filter>
190-->[com.google.firebase:firebase-auth:21.2.0] AndroidManifest.xml:35:13-45:29
191                <action android:name="android.intent.action.VIEW" />
191-->[com.facebook.android:facebook-common:16.1.3] AndroidManifest.xml:32:17-69
191-->[com.facebook.android:facebook-common:16.1.3] AndroidManifest.xml:32:25-66
192
193                <category android:name="android.intent.category.DEFAULT" />
193-->[com.facebook.android:facebook-common:16.1.3] AndroidManifest.xml:34:17-76
193-->[com.facebook.android:facebook-common:16.1.3] AndroidManifest.xml:34:27-73
194                <category android:name="android.intent.category.BROWSABLE" />
194-->[com.facebook.android:facebook-common:16.1.3] AndroidManifest.xml:35:17-78
194-->[com.facebook.android:facebook-common:16.1.3] AndroidManifest.xml:35:27-75
195
196                <data
196-->[com.facebook.android:facebook-common:16.1.3] AndroidManifest.xml:37:17-39:50
197                    android:host="firebase.auth"
197-->[com.facebook.android:facebook-common:16.1.3] AndroidManifest.xml:38:21-56
198                    android:path="/"
199                    android:scheme="genericidp" />
199-->[com.facebook.android:facebook-common:16.1.3] AndroidManifest.xml:39:21-47
200            </intent-filter>
201        </activity>
202        <activity
202-->[com.google.firebase:firebase-auth:21.2.0] AndroidManifest.xml:47:9-64:20
203            android:name="com.google.firebase.auth.internal.RecaptchaActivity"
203-->[com.google.firebase:firebase-auth:21.2.0] AndroidManifest.xml:48:13-79
204            android:excludeFromRecents="true"
204-->[com.google.firebase:firebase-auth:21.2.0] AndroidManifest.xml:49:13-46
205            android:exported="true"
205-->[com.google.firebase:firebase-auth:21.2.0] AndroidManifest.xml:50:13-36
206            android:launchMode="singleTask"
206-->[com.google.firebase:firebase-auth:21.2.0] AndroidManifest.xml:51:13-44
207            android:theme="@android:style/Theme.Translucent.NoTitleBar" >
207-->[com.google.firebase:firebase-auth:21.2.0] AndroidManifest.xml:52:13-72
208            <intent-filter>
208-->[com.google.firebase:firebase-auth:21.2.0] AndroidManifest.xml:53:13-63:29
209                <action android:name="android.intent.action.VIEW" />
209-->[com.facebook.android:facebook-common:16.1.3] AndroidManifest.xml:32:17-69
209-->[com.facebook.android:facebook-common:16.1.3] AndroidManifest.xml:32:25-66
210
211                <category android:name="android.intent.category.DEFAULT" />
211-->[com.facebook.android:facebook-common:16.1.3] AndroidManifest.xml:34:17-76
211-->[com.facebook.android:facebook-common:16.1.3] AndroidManifest.xml:34:27-73
212                <category android:name="android.intent.category.BROWSABLE" />
212-->[com.facebook.android:facebook-common:16.1.3] AndroidManifest.xml:35:17-78
212-->[com.facebook.android:facebook-common:16.1.3] AndroidManifest.xml:35:27-75
213
214                <data
214-->[com.facebook.android:facebook-common:16.1.3] AndroidManifest.xml:37:17-39:50
215                    android:host="firebase.auth"
215-->[com.facebook.android:facebook-common:16.1.3] AndroidManifest.xml:38:21-56
216                    android:path="/"
217                    android:scheme="recaptcha" />
217-->[com.facebook.android:facebook-common:16.1.3] AndroidManifest.xml:39:21-47
218            </intent-filter>
219        </activity>
220
221        <receiver
221-->[com.google.firebase:firebase-messaging:23.1.2] AndroidManifest.xml:31:9-38:20
222            android:name="com.google.firebase.iid.FirebaseInstanceIdReceiver"
222-->[com.google.firebase:firebase-messaging:23.1.2] AndroidManifest.xml:32:13-78
223            android:exported="true"
223-->[com.google.firebase:firebase-messaging:23.1.2] AndroidManifest.xml:33:13-36
224            android:permission="com.google.android.c2dm.permission.SEND" >
224-->[com.google.firebase:firebase-messaging:23.1.2] AndroidManifest.xml:34:13-73
225            <intent-filter>
225-->[:react-native-firebase_messaging] AndroidManifest.xml:29:13-31:29
226                <action android:name="com.google.android.c2dm.intent.RECEIVE" />
226-->[:react-native-firebase_messaging] AndroidManifest.xml:30:17-81
226-->[:react-native-firebase_messaging] AndroidManifest.xml:30:25-78
227            </intent-filter>
228        </receiver>
229        <!--
230             FirebaseMessagingService performs security checks at runtime,
231             but set to not exported to explicitly avoid allowing another app to call it.
232        -->
233        <service
233-->[com.google.firebase:firebase-messaging:23.1.2] AndroidManifest.xml:44:9-51:19
234            android:name="com.google.firebase.messaging.FirebaseMessagingService"
234-->[com.google.firebase:firebase-messaging:23.1.2] AndroidManifest.xml:45:13-82
235            android:directBootAware="true"
235-->[com.google.firebase:firebase-messaging:23.1.2] AndroidManifest.xml:46:13-43
236            android:exported="false" >
236-->[com.google.firebase:firebase-messaging:23.1.2] AndroidManifest.xml:47:13-37
237            <intent-filter android:priority="-500" >
237-->[:react-native-firebase_messaging] AndroidManifest.xml:20:13-22:29
238                <action android:name="com.google.firebase.MESSAGING_EVENT" />
238-->[:react-native-firebase_messaging] AndroidManifest.xml:21:17-78
238-->[:react-native-firebase_messaging] AndroidManifest.xml:21:25-75
239            </intent-filter>
240        </service>
241
242        <activity
242-->[com.google.android.gms:play-services-auth:20.3.0] AndroidManifest.xml:23:9-27:75
243            android:name="com.google.android.gms.auth.api.signin.internal.SignInHubActivity"
243-->[com.google.android.gms:play-services-auth:20.3.0] AndroidManifest.xml:24:13-93
244            android:excludeFromRecents="true"
244-->[com.google.android.gms:play-services-auth:20.3.0] AndroidManifest.xml:25:13-46
245            android:exported="false"
245-->[com.google.android.gms:play-services-auth:20.3.0] AndroidManifest.xml:26:13-37
246            android:theme="@android:style/Theme.Translucent.NoTitleBar" />
246-->[com.google.android.gms:play-services-auth:20.3.0] AndroidManifest.xml:27:13-72
247        <!--
248            Service handling Google Sign-In user revocation. For apps that do not integrate with
249            Google Sign-In, this service will never be started.
250        -->
251        <service
251-->[com.google.android.gms:play-services-auth:20.3.0] AndroidManifest.xml:33:9-37:51
252            android:name="com.google.android.gms.auth.api.signin.RevocationBoundService"
252-->[com.google.android.gms:play-services-auth:20.3.0] AndroidManifest.xml:34:13-89
253            android:exported="true"
253-->[com.google.android.gms:play-services-auth:20.3.0] AndroidManifest.xml:35:13-36
254            android:permission="com.google.android.gms.auth.api.signin.permission.REVOCATION_NOTIFICATION"
254-->[com.google.android.gms:play-services-auth:20.3.0] AndroidManifest.xml:36:13-107
255            android:visibleToInstantApps="true" />
255-->[com.google.android.gms:play-services-auth:20.3.0] AndroidManifest.xml:37:13-48
256
257        <activity
257-->[com.google.android.gms:play-services-base:18.0.1] AndroidManifest.xml:20:9-22:45
258            android:name="com.google.android.gms.common.api.GoogleApiActivity"
258-->[com.google.android.gms:play-services-base:18.0.1] AndroidManifest.xml:20:19-85
259            android:exported="false"
259-->[com.google.android.gms:play-services-base:18.0.1] AndroidManifest.xml:22:19-43
260            android:theme="@android:style/Theme.Translucent.NoTitleBar" />
260-->[com.google.android.gms:play-services-base:18.0.1] AndroidManifest.xml:21:19-78
261
262        <provider
262-->[com.google.firebase:firebase-common:20.3.2] AndroidManifest.xml:25:9-30:39
263            android:name="com.google.firebase.provider.FirebaseInitProvider"
263-->[com.google.firebase:firebase-common:20.3.2] AndroidManifest.xml:26:13-77
264            android:authorities="com.doogy.transfer.app.firebaseinitprovider"
264-->[com.google.firebase:firebase-common:20.3.2] AndroidManifest.xml:27:13-72
265            android:directBootAware="true"
265-->[com.google.firebase:firebase-common:20.3.2] AndroidManifest.xml:28:13-43
266            android:exported="false"
266-->[com.google.firebase:firebase-common:20.3.2] AndroidManifest.xml:29:13-37
267            android:initOrder="100" />
267-->[com.google.firebase:firebase-common:20.3.2] AndroidManifest.xml:30:13-36
268
269        <meta-data
269-->[com.google.android.gms:play-services-basement:18.1.0] AndroidManifest.xml:21:9-23:69
270            android:name="com.google.android.gms.version"
270-->[com.google.android.gms:play-services-basement:18.1.0] AndroidManifest.xml:22:13-58
271            android:value="@integer/google_play_services_version" />
271-->[com.google.android.gms:play-services-basement:18.1.0] AndroidManifest.xml:23:13-66
272
273        <provider
273-->[androidx.emoji2:emoji2:1.0.0] AndroidManifest.xml:26:9-34:20
274            android:name="androidx.startup.InitializationProvider"
274-->[androidx.emoji2:emoji2:1.0.0] AndroidManifest.xml:27:13-67
275            android:authorities="com.doogy.transfer.app.androidx-startup"
275-->[androidx.emoji2:emoji2:1.0.0] AndroidManifest.xml:28:13-68
276            android:exported="false" >
276-->[androidx.emoji2:emoji2:1.0.0] AndroidManifest.xml:29:13-37
277            <meta-data
277-->[androidx.emoji2:emoji2:1.0.0] AndroidManifest.xml:31:13-33:52